00:26:02.516 [main] DEBUG org.testng.TestNG - suiteXmlPath: "C:\Users\HP\Documents\DemoProject\master.xml"
00:26:02.935 [main] INFO  org.testng.internal.Utils - [TestNG] Running:
  C:\Users\HP\Documents\DemoProject\master.xml

00:39:49.419 [main] DEBUG org.testng.TestNG - suiteXmlPath: "C:\Users\HP\Documents\DemoProject\master.xml"
00:39:49.821 [main] INFO  org.testng.internal.Utils - [TestNG] Running:
  C:\Users\HP\Documents\DemoProject\master.xml

00:40:10.125 [main] DEBUG org.testng.TestNG - suiteXmlPath: "C:\Users\HP\Documents\DemoProject\master.xml"
00:40:10.567 [main] INFO  org.testng.internal.Utils - [TestNG] Running:
  C:\Users\HP\Documents\DemoProject\master.xml

00:40:58.372 [main] DEBUG org.testng.TestNG - suiteXmlPath: "C:\Users\HP\Documents\DemoProject\master.xml"
00:40:58.831 [main] INFO  org.testng.internal.Utils - [TestNG] Running:
  C:\Users\HP\Documents\DemoProject\master.xml

00:41:27.397 [main] INFO  testCases.TC002_SearchProduct - ** starting TC002_SearchProduct **
00:42:08.850 [main] DEBUG org.testng.TestNG - suiteXmlPath: "C:\Users\HP\Documents\DemoProject\master.xml"
00:42:09.262 [main] INFO  org.testng.internal.Utils - [TestNG] Running:
  C:\Users\HP\Documents\DemoProject\master.xml

00:42:37.269 [main] INFO  testCases.TC002_SearchProduct - ** starting TC002_SearchProduct **
00:53:36.316 [main] DEBUG org.testng.TestNG - suiteXmlPath: "C:\Users\HP\Documents\DemoProject\master.xml"
00:53:36.710 [main] INFO  org.testng.internal.Utils - [TestNG] Running:
  C:\Users\HP\Documents\DemoProject\master.xml

00:53:54.881 [main] DEBUG org.testng.TestNG - suiteXmlPath: "C:\Users\HP\Documents\DemoProject\master.xml"
00:53:55.336 [main] INFO  org.testng.internal.Utils - [TestNG] Running:
  C:\Users\HP\Documents\DemoProject\master.xml

00:54:24.071 [main] INFO  testCases.TC003_LoginTest - ** starting TC003_LoginTest **
00:54:34.192 [main] ERROR testCases.TC003_LoginTest - Test failed...
00:57:22.778 [main] DEBUG org.testng.TestNG - suiteXmlPath: "C:\Users\HP\Documents\DemoProject\master.xml"
00:57:23.142 [main] INFO  org.testng.internal.Utils - [TestNG] Running:
  C:\Users\HP\Documents\DemoProject\master.xml

00:57:51.334 [main] INFO  testCases.TC003_LoginTest - ** starting TC003_LoginTest **
00:57:51.488 [main] INFO  testCases.TC003_LoginTest - ** starting TC003_LoginTest **
01:08:16.425 [main] DEBUG org.testng.TestNG - suiteXmlPath: "C:\Users\HP\Documents\DemoProject\master.xml"
01:08:16.819 [main] INFO  org.testng.internal.Utils - [TestNG] Running:
  C:\Users\HP\Documents\DemoProject\master.xml

01:08:49.557 [main] INFO  testCases.TC003_LoginTest - ** starting TC003_LoginTest **
01:08:50.110 [main] INFO  testCases.TC003_LoginTest - ** finished TC003_LoginTest **
01:13:55.045 [main] DEBUG org.testng.TestNG - suiteXmlPath: "C:\Users\HP\Documents\DemoProject\crossbrowsertesting.xml"
01:13:55.419 [main] INFO  org.testng.internal.Utils - [TestNG] Running:
  C:\Users\HP\Documents\DemoProject\crossbrowsertesting.xml

01:15:26.833 [TestNG-tests-2] INFO  testCases.TC003_LoginTest - ** starting TC003_LoginTest **
01:15:32.325 [TestNG-tests-1] INFO  testCases.TC003_LoginTest - ** starting TC003_LoginTest **
01:15:32.679 [TestNG-tests-2] INFO  testCases.TC003_LoginTest - ** finished TC003_LoginTest **
01:15:33.016 [TestNG-tests-1] INFO  testCases.TC003_LoginTest - ** finished TC003_LoginTest **
01:15:34.016 [TestNG-tests-3] INFO  testCases.TC003_LoginTest - ** starting TC003_LoginTest **
01:15:34.387 [TestNG-tests-3] INFO  testCases.TC003_LoginTest - ** finished TC003_LoginTest **
01:16:33.458 [main] DEBUG org.testng.TestNG - suiteXmlPath: "C:\Users\HP\Documents\DemoProject\master.xml"
01:16:33.814 [main] INFO  org.testng.internal.Utils - [TestNG] Running:
  C:\Users\HP\Documents\DemoProject\master.xml

01:17:03.381 [main] INFO  testCases.TC001_LogoDisplayTest - ** starting TC001_LogoDisplayTest **
01:17:03.508 [main] INFO  testCases.TC001_LogoDisplayTest - ** finished TC001_LogoDisplayTest **
01:17:31.713 [main] INFO  testCases.TC002_SearchProduct - ** starting TC002_SearchProduct **
01:17:32.062 [main] INFO  testCases.TC002_SearchProduct - ** finished TC002_SearchProduct **
01:18:01.916 [main] INFO  testCases.TC003_LoginTest - ** starting TC003_LoginTest **
01:18:02.409 [main] INFO  testCases.TC003_LoginTest - ** finished TC003_LoginTest **
01:25:10.058 [main] DEBUG org.testng.TestNG - suiteXmlPath: "C:\Users\HP\Documents\DemoProject\master.xml"
01:25:10.507 [main] INFO  org.testng.internal.Utils - [TestNG] Running:
  C:\Users\HP\Documents\DemoProject\master.xml

01:25:39.151 [main] INFO  testCases.TC001_LogoDisplayTest - ** starting TC001_LogoDisplayTest **
01:25:39.262 [main] INFO  testCases.TC001_LogoDisplayTest - ** finished TC001_LogoDisplayTest **
01:26:07.764 [main] INFO  testCases.TC002_SearchProduct - ** starting TC002_SearchProduct **
01:26:08.123 [main] INFO  testCases.TC002_SearchProduct - ** finished TC002_SearchProduct **
01:26:36.364 [main] INFO  testCases.TC003_LoginTest - ** starting TC003_LoginTest **
